0 info it worked if it ends with ok
1 verbose cli [ 'C:\\Program Files\\nodejs\\\\node.exe',
1 verbose cli   'C:\\Program Files\\nodejs\\node_modules\\npm\\bin\\npm-cli.js',
1 verbose cli   'uninstall',
1 verbose cli   'hexo-generator-cname' ]
2 info using npm@2.5.1
3 info using node@v0.12.0
4 verbose node symlink C:\Program Files\nodejs\\node.exe
5 verbose unbuild node_modules\hexo-generator-cname
6 info preuninstall hexo-generator-cname@0.1.1
7 info uninstall hexo-generator-cname@0.1.1
8 verbose unbuild rmStuff hexo-generator-cname@0.1.1 from C:\ice_php_envir\blog\icehe.blog.hexo\node_modules
9 info postuninstall hexo-generator-cname@0.1.1
10 verbose gentlyRm vacuuming C:\ice_php_envir\blog\icehe.blog.hexo\node_modules\hexo-generator-cname
11 silly gentlyRm purging C:\ice_php_envir\blog\icehe.blog.hexo\node_modules\hexo-generator-cname
12 verbose stack Error: EBUSY, unlink 'C:\ice_php_envir\blog\icehe.blog.hexo\node_modules\hexo-generator-cname'
12 verbose stack     at Error (native)
13 verbose cwd C:\ice_php_envir\blog\icehe.blog.hexo
14 error Windows_NT 6.3.9600
15 error argv "C:\\Program Files\\nodejs\\\\node.exe" "C:\\Program Files\\nodejs\\node_modules\\npm\\bin\\npm-cli.js" "uninstall" "hexo-generator-cname"
16 error node v0.12.0
17 error npm  v2.5.1
18 error path C:\ice_php_envir\blog\icehe.blog.hexo\node_modules\hexo-generator-cname
19 error code EBUSY
20 error errno -4082
21 error EBUSY, unlink 'C:\ice_php_envir\blog\icehe.blog.hexo\node_modules\hexo-generator-cname'
22 error If you need help, you may report this error at:
22 error     <http://github.com/npm/npm/issues>
23 verbose exit [ -4082, true ]
